2025-10-25 20:10:03,376 [INFO] [LEADER] --- Leader Drone Initializing ---
2025-10-25 20:10:03,376 [INFO] [LEADER] Attempting to connect to flight controller at udp://:14540...
2025-10-25 20:10:03,418 [INFO] [LEADER] MAVSDK version: v3.10.2 (mavsdk_impl.cpp:32)
2025-10-25 20:10:03,437 [INFO] [LEADER] Waiting to discover system on udp://:14540... (connection_initiator.h:20)
2025-10-25 20:10:03,437 [WARNING] [LEADER] Connection using udp:// is deprecated, please use udpin:// or udpout:// (cli_arg.cpp:28)
2025-10-25 20:10:03,440 [INFO] [LEADER] New system on: 127.0.0.1:14580 (with system ID: 1) (udp_connection.cpp:263)
2025-10-25 20:10:03,591 [WARNING] [LEADER] Vehicle type changed (new type: 2, old type: 0) (system_impl.cpp:323)
2025-10-25 20:10:03,591 [INFO] [LEADER] System discovered (connection_initiator.h:62)
2025-10-25 20:10:03,627 [INFO] [LEADER] Server started (grpc_server.cpp:177)
2025-10-25 20:10:03,628 [INFO] [LEADER] Server set to listen on 0.0.0.0:50051 (grpc_server.cpp:178)
2025-10-25 20:10:04,253 [INFO] [LEADER] Waiting for connection...
2025-10-25 20:10:04,256 [INFO] [LEADER] ✅ Flight controller connected successfully.
2025-10-25 20:10:04,256 [INFO] [LEADER] Starting background tasks to gather telemetry...
2025-10-25 20:10:04,256 [INFO] [LEADER] Waiting for a valid GPS position fix before broadcasting...
2025-10-25 20:10:04,256 [INFO] [LEADER] Still waiting for GPS fix...
2025-10-25 20:10:05,257 [INFO] [LEADER] 🛰️ GPS fix acquired! Latitude: 47.3979709
2025-10-25 20:10:05,257 [INFO] [LEADER] --- Starting Main Broadcast Loop ---
2025-10-25 20:10:05,257 [INFO] [LEADER] 📡 Broadcasting vitals to Wi-Fi address 192.168.1.111:5005
2025-10-25 20:10:50,419 [INFO] [LEADER] 🛑 Leader script terminated by user.
2025-10-25 20:12:09,792 [INFO] [LEADER] --- Leader Drone Initializing ---
2025-10-25 20:12:09,792 [INFO] [LEADER] Attempting to connect to flight controller at udp://:14540...
2025-10-25 20:12:09,811 [INFO] [LEADER] MAVSDK version: v3.10.2 (mavsdk_impl.cpp:32)
2025-10-25 20:12:09,833 [INFO] [LEADER] Waiting to discover system on udp://:14540... (connection_initiator.h:20)
2025-10-25 20:12:09,833 [WARNING] [LEADER] Connection using udp:// is deprecated, please use udpin:// or udpout:// (cli_arg.cpp:28)
2025-10-25 20:12:09,833 [INFO] [LEADER] New system on: 127.0.0.1:14580 (with system ID: 1) (udp_connection.cpp:263)
2025-10-25 20:12:10,040 [WARNING] [LEADER] Vehicle type changed (new type: 2, old type: 0) (system_impl.cpp:323)
2025-10-25 20:12:10,040 [INFO] [LEADER] System discovered (connection_initiator.h:62)
2025-10-25 20:12:10,041 [INFO] [LEADER] Server started (grpc_server.cpp:177)
2025-10-25 20:12:10,042 [INFO] [LEADER] Server set to listen on 0.0.0.0:50051 (grpc_server.cpp:178)
2025-10-25 20:12:10,791 [INFO] [LEADER] Waiting for connection...
2025-10-25 20:12:10,792 [INFO] [LEADER] ✅ Flight controller connected successfully.
2025-10-25 20:12:10,792 [INFO] [LEADER] Starting background tasks to gather telemetry...
2025-10-25 20:12:10,792 [INFO] [LEADER] Waiting for a valid GPS position fix before broadcasting...
2025-10-25 20:12:10,793 [INFO] [LEADER] Still waiting for GPS fix...
2025-10-25 20:12:11,793 [INFO] [LEADER] 🛰️ GPS fix acquired! Latitude: 47.397971299999995
2025-10-25 20:12:11,793 [INFO] [LEADER] --- Starting Main Broadcast Loop ---
2025-10-25 20:12:11,793 [INFO] [LEADER] 📡 Broadcasting vitals to Wi-Fi address 192.168.1.111:5005
2025-10-25 20:12:47,586 [WARNING] [LEADER] Received ack for not-existing command: 176! Ignoring... (mavlink_command_sender.cpp:304)
2025-10-25 20:13:43,136 [WARNING] [LEADER] Received ack for not-existing command: 176! Ignoring... (mavlink_command_sender.cpp:304)
2025-10-25 20:15:51,497 [WARNING] [LEADER] Received ack for not-existing command: 176! Ignoring... (mavlink_command_sender.cpp:304)
2025-10-25 20:20:31,924 [ERROR] [LEADER] NETWORK ERROR: Could not send data over Wi-Fi: [Errno 101] Network is unreachable
2025-10-25 20:20:31,975 [ERROR] [LEADER] NETWORK ERROR: Could not send data over Wi-Fi: [Errno 101] Network is unreachable
2025-10-25 20:20:32,026 [ERROR] [LEADER] NETWORK ERROR: Could not send data over Wi-Fi: [Errno 101] Network is unreachable
2025-10-25 20:20:32,076 [ERROR] [LEADER] NETWORK ERROR: Could not send data over Wi-Fi: [Errno 101] Network is unreachable
2025-10-25 20:20:32,127 [ERROR] [LEADER] NETWORK ERROR: Could not send data over Wi-Fi: [Errno 101] Network is unreachable
2025-10-25 20:20:32,177 [ERROR] [LEADER] NETWORK ERROR: Could not send data over Wi-Fi: [Errno 101] Network is unreachable
2025-10-25 20:20:32,229 [ERROR] [LEADER] NETWORK ERROR: Could not send data over Wi-Fi: [Errno 101] Network is unreachable
2025-10-25 20:20:32,280 [ERROR] [LEADER] NETWORK ERROR: Could not send data over Wi-Fi: [Errno 101] Network is unreachable
2025-10-25 20:20:32,330 [ERROR] [LEADER] NETWORK ERROR: Could not send data over Wi-Fi: [Errno 101] Network is unreachable
2025-10-25 20:20:32,381 [ERROR] [LEADER] NETWORK ERROR: Could not send data over Wi-Fi: [Errno 101] Network is unreachable
2025-10-25 20:20:32,432 [ERROR] [LEADER] NETWORK ERROR: Could not send data over Wi-Fi: [Errno 101] Network is unreachable
2025-10-25 20:20:32,483 [ERROR] [LEADER] NETWORK ERROR: Could not send data over Wi-Fi: [Errno 101] Network is unreachable
2025-10-25 20:20:32,534 [ERROR] [LEADER] NETWORK ERROR: Could not send data over Wi-Fi: [Errno 101] Network is unreachable
2025-10-25 20:20:32,585 [ERROR] [LEADER] NETWORK ERROR: Could not send data over Wi-Fi: [Errno 101] Network is unreachable
2025-10-25 20:20:32,635 [ERROR] [LEADER] NETWORK ERROR: Could not send data over Wi-Fi: [Errno 101] Network is unreachable
2025-10-25 20:20:32,687 [ERROR] [LEADER] NETWORK ERROR: Could not send data over Wi-Fi: [Errno 101] Network is unreachable
2025-10-25 20:20:32,739 [ERROR] [LEADER] NETWORK ERROR: Could not send data over Wi-Fi: [Errno 101] Network is unreachable
2025-10-25 20:20:32,791 [ERROR] [LEADER] NETWORK ERROR: Could not send data over Wi-Fi: [Errno 101] Network is unreachable
2025-10-25 20:20:32,841 [ERROR] [LEADER] NETWORK ERROR: Could not send data over Wi-Fi: [Errno 101] Network is unreachable
2025-10-25 20:20:32,892 [ERROR] [LEADER] NETWORK ERROR: Could not send data over Wi-Fi: [Errno 101] Network is unreachable
2025-10-25 20:20:32,942 [ERROR] [LEADER] NETWORK ERROR: Could not send data over Wi-Fi: [Errno 101] Network is unreachable
2025-10-25 20:20:32,994 [ERROR] [LEADER] NETWORK ERROR: Could not send data over Wi-Fi: [Errno 101] Network is unreachable
2025-10-25 20:20:33,045 [ERROR] [LEADER] NETWORK ERROR: Could not send data over Wi-Fi: [Errno 101] Network is unreachable
2025-10-25 20:20:33,096 [ERROR] [LEADER] NETWORK ERROR: Could not send data over Wi-Fi: [Errno 101] Network is unreachable
2025-10-25 20:20:33,147 [ERROR] [LEADER] NETWORK ERROR: Could not send data over Wi-Fi: [Errno 101] Network is unreachable
2025-10-25 20:20:33,199 [ERROR] [LEADER] NETWORK ERROR: Could not send data over Wi-Fi: [Errno 101] Network is unreachable
2025-10-25 20:20:33,249 [ERROR] [LEADER] NETWORK ERROR: Could not send data over Wi-Fi: [Errno 101] Network is unreachable
2025-10-25 20:20:33,300 [ERROR] [LEADER] NETWORK ERROR: Could not send data over Wi-Fi: [Errno 101] Network is unreachable
2025-10-25 20:20:33,351 [ERROR] [LEADER] NETWORK ERROR: Could not send data over Wi-Fi: [Errno 101] Network is unreachable
2025-10-25 20:20:33,404 [ERROR] [LEADER] NETWORK ERROR: Could not send data over Wi-Fi: [Errno 101] Network is unreachable
2025-10-25 20:20:33,454 [ERROR] [LEADER] NETWORK ERROR: Could not send data over Wi-Fi: [Errno 101] Network is unreachable
2025-10-25 20:20:33,506 [ERROR] [LEADER] NETWORK ERROR: Could not send data over Wi-Fi: [Errno 101] Network is unreachable
2025-10-25 20:20:33,558 [ERROR] [LEADER] NETWORK ERROR: Could not send data over Wi-Fi: [Errno 101] Network is unreachable
2025-10-25 20:20:33,608 [ERROR] [LEADER] NETWORK ERROR: Could not send data over Wi-Fi: [Errno 101] Network is unreachable
2025-10-25 20:20:33,659 [ERROR] [LEADER] NETWORK ERROR: Could not send data over Wi-Fi: [Errno 101] Network is unreachable
2025-10-25 20:20:33,710 [ERROR] [LEADER] NETWORK ERROR: Could not send data over Wi-Fi: [Errno 101] Network is unreachable
2025-10-25 20:20:33,761 [ERROR] [LEADER] NETWORK ERROR: Could not send data over Wi-Fi: [Errno 101] Network is unreachable
2025-10-25 20:20:33,812 [ERROR] [LEADER] NETWORK ERROR: Could not send data over Wi-Fi: [Errno 101] Network is unreachable
2025-10-25 20:20:33,864 [ERROR] [LEADER] NETWORK ERROR: Could not send data over Wi-Fi: [Errno 101] Network is unreachable
2025-10-25 20:20:33,915 [ERROR] [LEADER] NETWORK ERROR: Could not send data over Wi-Fi: [Errno 101] Network is unreachable
2025-10-25 20:20:33,966 [ERROR] [LEADER] NETWORK ERROR: Could not send data over Wi-Fi: [Errno 101] Network is unreachable
2025-10-25 20:20:34,017 [ERROR] [LEADER] NETWORK ERROR: Could not send data over Wi-Fi: [Errno 101] Network is unreachable
2025-10-25 20:20:34,068 [ERROR] [LEADER] NETWORK ERROR: Could not send data over Wi-Fi: [Errno 101] Network is unreachable
2025-10-25 20:20:34,119 [ERROR] [LEADER] NETWORK ERROR: Could not send data over Wi-Fi: [Errno 101] Network is unreachable
2025-10-25 20:20:34,170 [ERROR] [LEADER] NETWORK ERROR: Could not send data over Wi-Fi: [Errno 101] Network is unreachable
2025-10-25 20:20:34,220 [ERROR] [LEADER] NETWORK ERROR: Could not send data over Wi-Fi: [Errno 101] Network is unreachable
2025-10-25 20:20:34,272 [ERROR] [LEADER] NETWORK ERROR: Could not send data over Wi-Fi: [Errno 101] Network is unreachable
2025-10-25 20:20:34,323 [ERROR] [LEADER] NETWORK ERROR: Could not send data over Wi-Fi: [Errno 101] Network is unreachable
2025-10-25 20:20:34,375 [ERROR] [LEADER] NETWORK ERROR: Could not send data over Wi-Fi: [Errno 101] Network is unreachable
2025-10-25 20:20:34,426 [ERROR] [LEADER] NETWORK ERROR: Could not send data over Wi-Fi: [Errno 101] Network is unreachable
2025-10-25 20:20:34,477 [ERROR] [LEADER] NETWORK ERROR: Could not send data over Wi-Fi: [Errno 101] Network is unreachable
2025-10-25 20:20:34,528 [ERROR] [LEADER] NETWORK ERROR: Could not send data over Wi-Fi: [Errno 101] Network is unreachable
2025-10-25 20:20:34,579 [ERROR] [LEADER] NETWORK ERROR: Could not send data over Wi-Fi: [Errno 101] Network is unreachable
2025-10-25 20:20:34,630 [ERROR] [LEADER] NETWORK ERROR: Could not send data over Wi-Fi: [Errno 101] Network is unreachable
2025-10-25 20:20:34,681 [ERROR] [LEADER] NETWORK ERROR: Could not send data over Wi-Fi: [Errno 101] Network is unreachable
2025-10-25 20:20:34,732 [ERROR] [LEADER] NETWORK ERROR: Could not send data over Wi-Fi: [Errno 101] Network is unreachable
2025-10-25 20:20:34,784 [ERROR] [LEADER] NETWORK ERROR: Could not send data over Wi-Fi: [Errno 101] Network is unreachable
2025-10-25 20:20:34,835 [ERROR] [LEADER] NETWORK ERROR: Could not send data over Wi-Fi: [Errno 101] Network is unreachable
2025-10-25 20:20:34,886 [ERROR] [LEADER] NETWORK ERROR: Could not send data over Wi-Fi: [Errno 101] Network is unreachable
2025-10-25 20:20:34,937 [ERROR] [LEADER] NETWORK ERROR: Could not send data over Wi-Fi: [Errno 101] Network is unreachable
2025-10-25 20:20:34,988 [ERROR] [LEADER] NETWORK ERROR: Could not send data over Wi-Fi: [Errno 101] Network is unreachable
2025-10-25 20:20:35,039 [ERROR] [LEADER] NETWORK ERROR: Could not send data over Wi-Fi: [Errno 101] Network is unreachable
2025-10-25 20:20:35,090 [ERROR] [LEADER] NETWORK ERROR: Could not send data over Wi-Fi: [Errno 101] Network is unreachable
2025-10-25 20:20:35,140 [ERROR] [LEADER] NETWORK ERROR: Could not send data over Wi-Fi: [Errno 101] Network is unreachable
2025-10-25 20:20:35,191 [ERROR] [LEADER] NETWORK ERROR: Could not send data over Wi-Fi: [Errno 101] Network is unreachable
2025-10-25 20:20:35,242 [ERROR] [LEADER] NETWORK ERROR: Could not send data over Wi-Fi: [Errno 101] Network is unreachable
2025-10-25 20:20:35,293 [ERROR] [LEADER] NETWORK ERROR: Could not send data over Wi-Fi: [Errno 101] Network is unreachable
2025-10-25 20:20:35,344 [ERROR] [LEADER] NETWORK ERROR: Could not send data over Wi-Fi: [Errno 101] Network is unreachable
2025-10-25 20:20:35,395 [ERROR] [LEADER] NETWORK ERROR: Could not send data over Wi-Fi: [Errno 101] Network is unreachable
2025-10-25 20:20:35,446 [ERROR] [LEADER] NETWORK ERROR: Could not send data over Wi-Fi: [Errno 101] Network is unreachable
2025-10-25 20:20:35,497 [ERROR] [LEADER] NETWORK ERROR: Could not send data over Wi-Fi: [Errno 101] Network is unreachable
2025-10-25 20:20:35,549 [ERROR] [LEADER] NETWORK ERROR: Could not send data over Wi-Fi: [Errno 101] Network is unreachable
2025-10-25 20:20:35,600 [ERROR] [LEADER] NETWORK ERROR: Could not send data over Wi-Fi: [Errno 101] Network is unreachable
2025-10-25 20:20:35,652 [ERROR] [LEADER] NETWORK ERROR: Could not send data over Wi-Fi: [Errno 101] Network is unreachable
2025-10-25 20:20:35,702 [ERROR] [LEADER] NETWORK ERROR: Could not send data over Wi-Fi: [Errno 101] Network is unreachable
2025-10-25 20:20:35,753 [ERROR] [LEADER] NETWORK ERROR: Could not send data over Wi-Fi: [Errno 101] Network is unreachable
2025-10-25 20:20:35,804 [ERROR] [LEADER] NETWORK ERROR: Could not send data over Wi-Fi: [Errno 101] Network is unreachable
2025-10-25 20:20:35,855 [ERROR] [LEADER] NETWORK ERROR: Could not send data over Wi-Fi: [Errno 101] Network is unreachable
2025-10-25 20:20:35,906 [ERROR] [LEADER] NETWORK ERROR: Could not send data over Wi-Fi: [Errno 101] Network is unreachable
2025-10-25 20:20:35,956 [ERROR] [LEADER] NETWORK ERROR: Could not send data over Wi-Fi: [Errno 101] Network is unreachable
2025-10-25 20:20:36,007 [ERROR] [LEADER] NETWORK ERROR: Could not send data over Wi-Fi: [Errno 101] Network is unreachable
2025-10-25 20:20:36,058 [ERROR] [LEADER] NETWORK ERROR: Could not send data over Wi-Fi: [Errno 101] Network is unreachable
2025-10-25 20:20:36,109 [ERROR] [LEADER] NETWORK ERROR: Could not send data over Wi-Fi: [Errno 101] Network is unreachable
2025-10-25 20:20:36,160 [ERROR] [LEADER] NETWORK ERROR: Could not send data over Wi-Fi: [Errno 101] Network is unreachable
2025-10-25 20:20:36,210 [ERROR] [LEADER] NETWORK ERROR: Could not send data over Wi-Fi: [Errno 101] Network is unreachable
2025-10-25 20:20:36,261 [ERROR] [LEADER] NETWORK ERROR: Could not send data over Wi-Fi: [Errno 101] Network is unreachable
2025-10-25 20:20:36,312 [ERROR] [LEADER] NETWORK ERROR: Could not send data over Wi-Fi: [Errno 101] Network is unreachable
2025-10-25 20:20:36,363 [ERROR] [LEADER] NETWORK ERROR: Could not send data over Wi-Fi: [Errno 101] Network is unreachable
2025-10-25 20:20:36,413 [ERROR] [LEADER] NETWORK ERROR: Could not send data over Wi-Fi: [Errno 101] Network is unreachable
2025-10-25 20:20:36,464 [ERROR] [LEADER] NETWORK ERROR: Could not send data over Wi-Fi: [Errno 101] Network is unreachable
2025-10-25 20:20:36,515 [ERROR] [LEADER] NETWORK ERROR: Could not send data over Wi-Fi: [Errno 101] Network is unreachable
2025-10-25 20:20:36,566 [ERROR] [LEADER] NETWORK ERROR: Could not send data over Wi-Fi: [Errno 101] Network is unreachable
2025-10-25 20:20:36,616 [ERROR] [LEADER] NETWORK ERROR: Could not send data over Wi-Fi: [Errno 101] Network is unreachable
2025-10-25 20:20:36,668 [ERROR] [LEADER] NETWORK ERROR: Could not send data over Wi-Fi: [Errno 101] Network is unreachable
2025-10-25 20:20:36,718 [ERROR] [LEADER] NETWORK ERROR: Could not send data over Wi-Fi: [Errno 101] Network is unreachable
2025-10-25 20:20:36,770 [ERROR] [LEADER] NETWORK ERROR: Could not send data over Wi-Fi: [Errno 101] Network is unreachable
2025-10-25 20:20:36,821 [ERROR] [LEADER] NETWORK ERROR: Could not send data over Wi-Fi: [Errno 101] Network is unreachable
2025-10-25 20:20:36,873 [ERROR] [LEADER] NETWORK ERROR: Could not send data over Wi-Fi: [Errno 101] Network is unreachable
2025-10-25 20:20:36,924 [ERROR] [LEADER] NETWORK ERROR: Could not send data over Wi-Fi: [Errno 101] Network is unreachable
2025-10-25 20:20:36,975 [ERROR] [LEADER] NETWORK ERROR: Could not send data over Wi-Fi: [Errno 101] Network is unreachable
2025-10-25 20:20:37,027 [ERROR] [LEADER] NETWORK ERROR: Could not send data over Wi-Fi: [Errno 101] Network is unreachable
2025-10-25 20:20:37,078 [ERROR] [LEADER] NETWORK ERROR: Could not send data over Wi-Fi: [Errno 101] Network is unreachable
2025-10-25 20:20:37,129 [ERROR] [LEADER] NETWORK ERROR: Could not send data over Wi-Fi: [Errno 101] Network is unreachable
2025-10-25 20:20:37,179 [ERROR] [LEADER] NETWORK ERROR: Could not send data over Wi-Fi: [Errno 101] Network is unreachable
2025-10-25 20:20:37,230 [ERROR] [LEADER] NETWORK ERROR: Could not send data over Wi-Fi: [Errno 101] Network is unreachable
2025-10-25 20:20:37,281 [ERROR] [LEADER] NETWORK ERROR: Could not send data over Wi-Fi: [Errno 101] Network is unreachable
2025-10-25 20:20:37,332 [ERROR] [LEADER] NETWORK ERROR: Could not send data over Wi-Fi: [Errno 101] Network is unreachable
2025-10-25 20:20:37,383 [ERROR] [LEADER] NETWORK ERROR: Could not send data over Wi-Fi: [Errno 101] Network is unreachable
2025-10-25 20:20:37,434 [ERROR] [LEADER] NETWORK ERROR: Could not send data over Wi-Fi: [Errno 101] Network is unreachable
2025-10-25 20:20:37,486 [ERROR] [LEADER] NETWORK ERROR: Could not send data over Wi-Fi: [Errno 101] Network is unreachable
2025-10-25 20:20:37,537 [ERROR] [LEADER] NETWORK ERROR: Could not send data over Wi-Fi: [Errno 101] Network is unreachable
2025-10-25 20:20:37,588 [ERROR] [LEADER] NETWORK ERROR: Could not send data over Wi-Fi: [Errno 101] Network is unreachable
2025-10-25 20:20:37,639 [ERROR] [LEADER] NETWORK ERROR: Could not send data over Wi-Fi: [Errno 101] Network is unreachable
2025-10-25 20:20:37,690 [ERROR] [LEADER] NETWORK ERROR: Could not send data over Wi-Fi: [Errno 101] Network is unreachable
2025-10-25 20:20:37,742 [ERROR] [LEADER] NETWORK ERROR: Could not send data over Wi-Fi: [Errno 101] Network is unreachable
2025-10-25 20:20:37,793 [ERROR] [LEADER] NETWORK ERROR: Could not send data over Wi-Fi: [Errno 101] Network is unreachable
2025-10-25 20:20:37,845 [ERROR] [LEADER] NETWORK ERROR: Could not send data over Wi-Fi: [Errno 101] Network is unreachable
2025-10-25 20:20:37,896 [ERROR] [LEADER] NETWORK ERROR: Could not send data over Wi-Fi: [Errno 101] Network is unreachable
2025-10-25 20:20:37,946 [ERROR] [LEADER] NETWORK ERROR: Could not send data over Wi-Fi: [Errno 101] Network is unreachable
2025-10-25 20:20:37,997 [ERROR] [LEADER] NETWORK ERROR: Could not send data over Wi-Fi: [Errno 101] Network is unreachable
2025-10-25 20:20:38,048 [ERROR] [LEADER] NETWORK ERROR: Could not send data over Wi-Fi: [Errno 101] Network is unreachable
2025-10-25 20:20:38,098 [ERROR] [LEADER] NETWORK ERROR: Could not send data over Wi-Fi: [Errno 101] Network is unreachable
2025-10-25 20:20:38,149 [ERROR] [LEADER] NETWORK ERROR: Could not send data over Wi-Fi: [Errno 101] Network is unreachable
2025-10-25 20:20:38,200 [ERROR] [LEADER] NETWORK ERROR: Could not send data over Wi-Fi: [Errno 101] Network is unreachable
2025-10-25 20:20:38,251 [ERROR] [LEADER] NETWORK ERROR: Could not send data over Wi-Fi: [Errno 101] Network is unreachable
2025-10-25 20:20:38,302 [ERROR] [LEADER] NETWORK ERROR: Could not send data over Wi-Fi: [Errno 101] Network is unreachable
2025-10-25 20:20:38,353 [ERROR] [LEADER] NETWORK ERROR: Could not send data over Wi-Fi: [Errno 101] Network is unreachable
2025-10-25 20:20:38,404 [ERROR] [LEADER] NETWORK ERROR: Could not send data over Wi-Fi: [Errno 101] Network is unreachable
2025-10-25 20:20:38,455 [ERROR] [LEADER] NETWORK ERROR: Could not send data over Wi-Fi: [Errno 101] Network is unreachable
2025-10-25 20:20:38,507 [ERROR] [LEADER] NETWORK ERROR: Could not send data over Wi-Fi: [Errno 101] Network is unreachable
2025-10-25 20:20:38,558 [ERROR] [LEADER] NETWORK ERROR: Could not send data over Wi-Fi: [Errno 101] Network is unreachable
2025-10-25 20:20:38,609 [ERROR] [LEADER] NETWORK ERROR: Could not send data over Wi-Fi: [Errno 101] Network is unreachable
2025-10-25 20:20:38,660 [ERROR] [LEADER] NETWORK ERROR: Could not send data over Wi-Fi: [Errno 101] Network is unreachable
2025-10-25 20:20:38,711 [ERROR] [LEADER] NETWORK ERROR: Could not send data over Wi-Fi: [Errno 101] Network is unreachable
2025-10-25 20:20:38,762 [ERROR] [LEADER] NETWORK ERROR: Could not send data over Wi-Fi: [Errno 101] Network is unreachable
2025-10-25 20:20:38,812 [ERROR] [LEADER] NETWORK ERROR: Could not send data over Wi-Fi: [Errno 101] Network is unreachable
2025-10-25 20:20:38,863 [ERROR] [LEADER] NETWORK ERROR: Could not send data over Wi-Fi: [Errno 101] Network is unreachable
2025-10-25 20:20:38,914 [ERROR] [LEADER] NETWORK ERROR: Could not send data over Wi-Fi: [Errno 101] Network is unreachable
2025-10-25 20:20:38,964 [ERROR] [LEADER] NETWORK ERROR: Could not send data over Wi-Fi: [Errno 101] Network is unreachable
2025-10-25 20:20:39,015 [ERROR] [LEADER] NETWORK ERROR: Could not send data over Wi-Fi: [Errno 101] Network is unreachable
2025-10-25 20:20:39,066 [ERROR] [LEADER] NETWORK ERROR: Could not send data over Wi-Fi: [Errno 101] Network is unreachable
2025-10-25 20:20:39,117 [ERROR] [LEADER] NETWORK ERROR: Could not send data over Wi-Fi: [Errno 101] Network is unreachable
2025-10-25 20:20:39,168 [ERROR] [LEADER] NETWORK ERROR: Could not send data over Wi-Fi: [Errno 101] Network is unreachable
2025-10-25 20:20:39,219 [ERROR] [LEADER] NETWORK ERROR: Could not send data over Wi-Fi: [Errno 101] Network is unreachable
2025-10-25 20:20:39,270 [ERROR] [LEADER] NETWORK ERROR: Could not send data over Wi-Fi: [Errno 101] Network is unreachable
2025-10-25 20:20:39,321 [ERROR] [LEADER] NETWORK ERROR: Could not send data over Wi-Fi: [Errno 101] Network is unreachable
2025-10-25 20:20:39,373 [ERROR] [LEADER] NETWORK ERROR: Could not send data over Wi-Fi: [Errno 101] Network is unreachable
2025-10-25 20:20:39,424 [ERROR] [LEADER] NETWORK ERROR: Could not send data over Wi-Fi: [Errno 101] Network is unreachable
2025-10-25 20:20:39,474 [ERROR] [LEADER] NETWORK ERROR: Could not send data over Wi-Fi: [Errno 101] Network is unreachable
2025-10-25 20:20:39,525 [ERROR] [LEADER] NETWORK ERROR: Could not send data over Wi-Fi: [Errno 101] Network is unreachable
2025-10-25 20:20:39,577 [ERROR] [LEADER] NETWORK ERROR: Could not send data over Wi-Fi: [Errno 101] Network is unreachable
2025-10-25 20:20:39,628 [ERROR] [LEADER] NETWORK ERROR: Could not send data over Wi-Fi: [Errno 101] Network is unreachable
2025-10-25 20:20:39,679 [ERROR] [LEADER] NETWORK ERROR: Could not send data over Wi-Fi: [Errno 101] Network is unreachable
2025-10-25 20:20:39,730 [ERROR] [LEADER] NETWORK ERROR: Could not send data over Wi-Fi: [Errno 101] Network is unreachable
2025-10-25 20:20:39,781 [ERROR] [LEADER] NETWORK ERROR: Could not send data over Wi-Fi: [Errno 101] Network is unreachable
2025-10-25 20:20:39,832 [ERROR] [LEADER] NETWORK ERROR: Could not send data over Wi-Fi: [Errno 101] Network is unreachable
2025-10-25 20:20:39,883 [ERROR] [LEADER] NETWORK ERROR: Could not send data over Wi-Fi: [Errno 101] Network is unreachable
2025-10-25 20:20:39,933 [ERROR] [LEADER] NETWORK ERROR: Could not send data over Wi-Fi: [Errno 101] Network is unreachable
2025-10-25 20:20:39,985 [ERROR] [LEADER] NETWORK ERROR: Could not send data over Wi-Fi: [Errno 101] Network is unreachable
2025-10-25 20:20:40,035 [ERROR] [LEADER] NETWORK ERROR: Could not send data over Wi-Fi: [Errno 101] Network is unreachable
2025-10-25 20:20:40,086 [ERROR] [LEADER] NETWORK ERROR: Could not send data over Wi-Fi: [Errno 101] Network is unreachable
2025-10-25 20:20:40,137 [ERROR] [LEADER] NETWORK ERROR: Could not send data over Wi-Fi: [Errno 101] Network is unreachable
2025-10-25 20:20:40,188 [ERROR] [LEADER] NETWORK ERROR: Could not send data over Wi-Fi: [Errno 101] Network is unreachable
2025-10-25 20:20:40,239 [ERROR] [LEADER] NETWORK ERROR: Could not send data over Wi-Fi: [Errno 101] Network is unreachable
2025-10-25 20:20:40,290 [ERROR] [LEADER] NETWORK ERROR: Could not send data over Wi-Fi: [Errno 101] Network is unreachable
2025-10-25 20:20:40,341 [ERROR] [LEADER] NETWORK ERROR: Could not send data over Wi-Fi: [Errno 101] Network is unreachable
2025-10-25 20:20:40,392 [ERROR] [LEADER] NETWORK ERROR: Could not send data over Wi-Fi: [Errno 101] Network is unreachable
2025-10-25 20:20:40,443 [ERROR] [LEADER] NETWORK ERROR: Could not send data over Wi-Fi: [Errno 101] Network is unreachable
2025-10-25 20:20:40,494 [ERROR] [LEADER] NETWORK ERROR: Could not send data over Wi-Fi: [Errno 101] Network is unreachable
2025-10-25 20:20:40,545 [ERROR] [LEADER] NETWORK ERROR: Could not send data over Wi-Fi: [Errno 101] Network is unreachable
2025-10-25 20:20:40,597 [ERROR] [LEADER] NETWORK ERROR: Could not send data over Wi-Fi: [Errno 101] Network is unreachable
2025-10-25 20:20:40,647 [ERROR] [LEADER] NETWORK ERROR: Could not send data over Wi-Fi: [Errno 101] Network is unreachable
2025-10-25 20:20:40,698 [ERROR] [LEADER] NETWORK ERROR: Could not send data over Wi-Fi: [Errno 101] Network is unreachable
2025-10-25 20:20:40,749 [ERROR] [LEADER] NETWORK ERROR: Could not send data over Wi-Fi: [Errno 101] Network is unreachable
2025-10-25 20:20:40,800 [ERROR] [LEADER] NETWORK ERROR: Could not send data over Wi-Fi: [Errno 101] Network is unreachable
2025-10-25 20:20:40,851 [ERROR] [LEADER] NETWORK ERROR: Could not send data over Wi-Fi: [Errno 101] Network is unreachable
2025-10-25 20:20:40,902 [ERROR] [LEADER] NETWORK ERROR: Could not send data over Wi-Fi: [Errno 101] Network is unreachable
2025-10-25 20:20:40,953 [ERROR] [LEADER] NETWORK ERROR: Could not send data over Wi-Fi: [Errno 101] Network is unreachable
2025-10-25 20:20:41,005 [ERROR] [LEADER] NETWORK ERROR: Could not send data over Wi-Fi: [Errno 101] Network is unreachable
2025-10-25 20:20:41,057 [ERROR] [LEADER] NETWORK ERROR: Could not send data over Wi-Fi: [Errno 101] Network is unreachable
2025-10-25 20:20:41,108 [ERROR] [LEADER] NETWORK ERROR: Could not send data over Wi-Fi: [Errno 101] Network is unreachable
2025-10-25 20:20:41,159 [ERROR] [LEADER] NETWORK ERROR: Could not send data over Wi-Fi: [Errno 101] Network is unreachable
2025-10-25 20:20:41,210 [ERROR] [LEADER] NETWORK ERROR: Could not send data over Wi-Fi: [Errno 101] Network is unreachable
2025-10-25 20:20:41,261 [ERROR] [LEADER] NETWORK ERROR: Could not send data over Wi-Fi: [Errno 101] Network is unreachable
2025-10-25 20:20:41,312 [ERROR] [LEADER] NETWORK ERROR: Could not send data over Wi-Fi: [Errno 101] Network is unreachable
2025-10-25 20:20:41,363 [ERROR] [LEADER] NETWORK ERROR: Could not send data over Wi-Fi: [Errno 101] Network is unreachable
2025-10-25 20:20:41,414 [ERROR] [LEADER] NETWORK ERROR: Could not send data over Wi-Fi: [Errno 101] Network is unreachable
2025-10-25 20:20:41,465 [ERROR] [LEADER] NETWORK ERROR: Could not send data over Wi-Fi: [Errno 101] Network is unreachable
2025-10-25 20:20:41,516 [ERROR] [LEADER] NETWORK ERROR: Could not send data over Wi-Fi: [Errno 101] Network is unreachable
2025-10-25 20:20:41,567 [ERROR] [LEADER] NETWORK ERROR: Could not send data over Wi-Fi: [Errno 101] Network is unreachable
2025-10-25 20:20:41,618 [ERROR] [LEADER] NETWORK ERROR: Could not send data over Wi-Fi: [Errno 101] Network is unreachable
2025-10-25 20:20:41,669 [ERROR] [LEADER] NETWORK ERROR: Could not send data over Wi-Fi: [Errno 101] Network is unreachable
2025-10-25 20:20:41,721 [ERROR] [LEADER] NETWORK ERROR: Could not send data over Wi-Fi: [Errno 101] Network is unreachable
2025-10-25 20:20:41,772 [ERROR] [LEADER] NETWORK ERROR: Could not send data over Wi-Fi: [Errno 101] Network is unreachable
2025-10-25 20:20:41,823 [ERROR] [LEADER] NETWORK ERROR: Could not send data over Wi-Fi: [Errno 101] Network is unreachable
2025-10-25 20:20:41,874 [ERROR] [LEADER] NETWORK ERROR: Could not send data over Wi-Fi: [Errno 101] Network is unreachable
2025-10-25 20:20:41,925 [ERROR] [LEADER] NETWORK ERROR: Could not send data over Wi-Fi: [Errno 101] Network is unreachable
2025-10-25 20:20:41,976 [ERROR] [LEADER] NETWORK ERROR: Could not send data over Wi-Fi: [Errno 101] Network is unreachable
2025-10-25 20:20:42,027 [ERROR] [LEADER] NETWORK ERROR: Could not send data over Wi-Fi: [Errno 101] Network is unreachable
2025-10-25 20:20:42,078 [ERROR] [LEADER] NETWORK ERROR: Could not send data over Wi-Fi: [Errno 101] Network is unreachable
2025-10-25 20:20:42,128 [ERROR] [LEADER] NETWORK ERROR: Could not send data over Wi-Fi: [Errno 101] Network is unreachable
2025-10-25 20:20:42,179 [ERROR] [LEADER] NETWORK ERROR: Could not send data over Wi-Fi: [Errno 101] Network is unreachable
2025-10-25 20:20:42,230 [ERROR] [LEADER] NETWORK ERROR: Could not send data over Wi-Fi: [Errno 101] Network is unreachable
2025-10-25 20:20:42,281 [ERROR] [LEADER] NETWORK ERROR: Could not send data over Wi-Fi: [Errno 101] Network is unreachable
2025-10-25 20:20:42,333 [ERROR] [LEADER] NETWORK ERROR: Could not send data over Wi-Fi: [Errno 101] Network is unreachable
2025-10-25 20:20:42,383 [ERROR] [LEADER] NETWORK ERROR: Could not send data over Wi-Fi: [Errno 101] Network is unreachable
2025-10-25 20:20:42,434 [ERROR] [LEADER] NETWORK ERROR: Could not send data over Wi-Fi: [Errno 101] Network is unreachable
2025-10-25 20:20:42,485 [ERROR] [LEADER] NETWORK ERROR: Could not send data over Wi-Fi: [Errno 101] Network is unreachable
2025-10-25 20:20:42,536 [ERROR] [LEADER] NETWORK ERROR: Could not send data over Wi-Fi: [Errno 101] Network is unreachable
2025-10-25 20:20:42,588 [ERROR] [LEADER] NETWORK ERROR: Could not send data over Wi-Fi: [Errno 101] Network is unreachable
2025-10-25 20:20:42,639 [ERROR] [LEADER] NETWORK ERROR: Could not send data over Wi-Fi: [Errno 101] Network is unreachable
2025-10-25 20:20:42,690 [ERROR] [LEADER] NETWORK ERROR: Could not send data over Wi-Fi: [Errno 101] Network is unreachable
2025-10-25 20:20:42,743 [ERROR] [LEADER] NETWORK ERROR: Could not send data over Wi-Fi: [Errno 101] Network is unreachable
2025-10-25 20:20:42,794 [ERROR] [LEADER] NETWORK ERROR: Could not send data over Wi-Fi: [Errno 101] Network is unreachable
2025-10-25 20:20:42,845 [ERROR] [LEADER] NETWORK ERROR: Could not send data over Wi-Fi: [Errno 101] Network is unreachable
2025-10-25 20:20:42,895 [ERROR] [LEADER] NETWORK ERROR: Could not send data over Wi-Fi: [Errno 101] Network is unreachable
2025-10-25 20:20:42,946 [ERROR] [LEADER] NETWORK ERROR: Could not send data over Wi-Fi: [Errno 101] Network is unreachable
2025-10-25 20:20:42,996 [ERROR] [LEADER] NETWORK ERROR: Could not send data over Wi-Fi: [Errno 101] Network is unreachable
2025-10-25 20:20:43,047 [ERROR] [LEADER] NETWORK ERROR: Could not send data over Wi-Fi: [Errno 101] Network is unreachable
2025-10-25 20:26:01,363 [ERROR] [LEADER] NETWORK ERROR: Could not send data over Wi-Fi: [Errno 101] Network is unreachable
2025-10-25 20:26:01,414 [ERROR] [LEADER] NETWORK ERROR: Could not send data over Wi-Fi: [Errno 101] Network is unreachable
2025-10-25 20:26:01,465 [ERROR] [LEADER] NETWORK ERROR: Could not send data over Wi-Fi: [Errno 101] Network is unreachable
2025-10-25 20:26:01,517 [ERROR] [LEADER] NETWORK ERROR: Could not send data over Wi-Fi: [Errno 101] Network is unreachable
2025-10-25 20:26:01,568 [ERROR] [LEADER] NETWORK ERROR: Could not send data over Wi-Fi: [Errno 101] Network is unreachable
2025-10-25 20:26:01,618 [ERROR] [LEADER] NETWORK ERROR: Could not send data over Wi-Fi: [Errno 101] Network is unreachable
2025-10-25 20:26:01,669 [ERROR] [LEADER] NETWORK ERROR: Could not send data over Wi-Fi: [Errno 101] Network is unreachable
2025-10-25 20:26:01,720 [ERROR] [LEADER] NETWORK ERROR: Could not send data over Wi-Fi: [Errno 101] Network is unreachable
2025-10-25 20:26:01,771 [ERROR] [LEADER] NETWORK ERROR: Could not send data over Wi-Fi: [Errno 101] Network is unreachable
2025-10-25 20:26:01,822 [ERROR] [LEADER] NETWORK ERROR: Could not send data over Wi-Fi: [Errno 101] Network is unreachable
2025-10-25 20:26:01,873 [ERROR] [LEADER] NETWORK ERROR: Could not send data over Wi-Fi: [Errno 101] Network is unreachable
2025-10-25 20:26:01,925 [ERROR] [LEADER] NETWORK ERROR: Could not send data over Wi-Fi: [Errno 101] Network is unreachable
2025-10-25 20:26:01,975 [ERROR] [LEADER] NETWORK ERROR: Could not send data over Wi-Fi: [Errno 101] Network is unreachable
2025-10-25 20:26:02,026 [ERROR] [LEADER] NETWORK ERROR: Could not send data over Wi-Fi: [Errno 101] Network is unreachable
2025-10-25 20:26:02,077 [ERROR] [LEADER] NETWORK ERROR: Could not send data over Wi-Fi: [Errno 101] Network is unreachable
2025-10-25 20:26:02,128 [ERROR] [LEADER] NETWORK ERROR: Could not send data over Wi-Fi: [Errno 101] Network is unreachable
2025-10-25 20:26:02,179 [ERROR] [LEADER] NETWORK ERROR: Could not send data over Wi-Fi: [Errno 101] Network is unreachable
2025-10-25 20:26:02,230 [ERROR] [LEADER] NETWORK ERROR: Could not send data over Wi-Fi: [Errno 101] Network is unreachable
2025-10-25 20:26:02,282 [ERROR] [LEADER] NETWORK ERROR: Could not send data over Wi-Fi: [Errno 101] Network is unreachable
2025-10-25 20:26:02,332 [ERROR] [LEADER] NETWORK ERROR: Could not send data over Wi-Fi: [Errno 101] Network is unreachable
2025-10-25 20:26:02,384 [ERROR] [LEADER] NETWORK ERROR: Could not send data over Wi-Fi: [Errno 101] Network is unreachable
2025-10-25 20:26:02,434 [ERROR] [LEADER] NETWORK ERROR: Could not send data over Wi-Fi: [Errno 101] Network is unreachable
2025-10-25 20:26:02,485 [ERROR] [LEADER] NETWORK ERROR: Could not send data over Wi-Fi: [Errno 101] Network is unreachable
2025-10-25 20:26:02,536 [ERROR] [LEADER] NETWORK ERROR: Could not send data over Wi-Fi: [Errno 101] Network is unreachable
2025-10-25 20:26:02,587 [ERROR] [LEADER] NETWORK ERROR: Could not send data over Wi-Fi: [Errno 101] Network is unreachable
2025-10-25 20:26:02,639 [ERROR] [LEADER] NETWORK ERROR: Could not send data over Wi-Fi: [Errno 101] Network is unreachable
2025-10-25 20:26:02,690 [ERROR] [LEADER] NETWORK ERROR: Could not send data over Wi-Fi: [Errno 101] Network is unreachable
2025-10-25 20:26:02,741 [ERROR] [LEADER] NETWORK ERROR: Could not send data over Wi-Fi: [Errno 101] Network is unreachable
2025-10-25 20:26:02,792 [ERROR] [LEADER] NETWORK ERROR: Could not send data over Wi-Fi: [Errno 101] Network is unreachable
2025-10-25 20:26:02,843 [ERROR] [LEADER] NETWORK ERROR: Could not send data over Wi-Fi: [Errno 101] Network is unreachable
2025-10-25 20:26:02,894 [ERROR] [LEADER] NETWORK ERROR: Could not send data over Wi-Fi: [Errno 101] Network is unreachable
2025-10-25 20:26:02,945 [ERROR] [LEADER] NETWORK ERROR: Could not send data over Wi-Fi: [Errno 101] Network is unreachable
2025-10-25 20:26:02,996 [ERROR] [LEADER] NETWORK ERROR: Could not send data over Wi-Fi: [Errno 101] Network is unreachable
2025-10-25 20:26:03,047 [ERROR] [LEADER] NETWORK ERROR: Could not send data over Wi-Fi: [Errno 101] Network is unreachable
2025-10-25 20:26:03,098 [ERROR] [LEADER] NETWORK ERROR: Could not send data over Wi-Fi: [Errno 101] Network is unreachable
2025-10-25 20:26:03,148 [ERROR] [LEADER] NETWORK ERROR: Could not send data over Wi-Fi: [Errno 101] Network is unreachable
2025-10-25 20:26:03,199 [ERROR] [LEADER] NETWORK ERROR: Could not send data over Wi-Fi: [Errno 101] Network is unreachable
2025-10-25 20:26:03,251 [ERROR] [LEADER] NETWORK ERROR: Could not send data over Wi-Fi: [Errno 101] Network is unreachable
2025-10-25 20:26:03,302 [ERROR] [LEADER] NETWORK ERROR: Could not send data over Wi-Fi: [Errno 101] Network is unreachable
2025-10-25 20:26:03,352 [ERROR] [LEADER] NETWORK ERROR: Could not send data over Wi-Fi: [Errno 101] Network is unreachable
2025-10-25 20:26:03,403 [ERROR] [LEADER] NETWORK ERROR: Could not send data over Wi-Fi: [Errno 101] Network is unreachable
2025-10-25 20:26:03,455 [ERROR] [LEADER] NETWORK ERROR: Could not send data over Wi-Fi: [Errno 101] Network is unreachable
2025-10-25 20:26:03,506 [ERROR] [LEADER] NETWORK ERROR: Could not send data over Wi-Fi: [Errno 101] Network is unreachable
2025-10-25 20:26:03,557 [ERROR] [LEADER] NETWORK ERROR: Could not send data over Wi-Fi: [Errno 101] Network is unreachable
2025-10-25 20:26:03,607 [ERROR] [LEADER] NETWORK ERROR: Could not send data over Wi-Fi: [Errno 101] Network is unreachable
2025-10-25 20:26:03,658 [ERROR] [LEADER] NETWORK ERROR: Could not send data over Wi-Fi: [Errno 101] Network is unreachable
2025-10-25 20:26:07,397 [INFO] [LEADER] 🛑 Leader script terminated by user.
2025-10-25 20:26:31,925 [INFO] [LEADER] --- Leader Drone Initializing ---
2025-10-25 20:26:31,925 [INFO] [LEADER] Attempting to connect to flight controller at udp://:14540...
2025-10-25 20:26:31,944 [INFO] [LEADER] MAVSDK version: v3.10.2 (mavsdk_impl.cpp:32)
2025-10-25 20:26:31,963 [INFO] [LEADER] Waiting to discover system on udp://:14540... (connection_initiator.h:20)
2025-10-25 20:26:31,963 [WARNING] [LEADER] Connection using udp:// is deprecated, please use udpin:// or udpout:// (cli_arg.cpp:28)
2025-10-25 20:26:31,967 [INFO] [LEADER] New system on: 127.0.0.1:14580 (with system ID: 1) (udp_connection.cpp:263)
2025-10-25 20:26:32,212 [WARNING] [LEADER] Vehicle type changed (new type: 2, old type: 0) (system_impl.cpp:323)
2025-10-25 20:26:32,212 [INFO] [LEADER] System discovered (connection_initiator.h:62)
2025-10-25 20:26:32,218 [INFO] [LEADER] Server started (grpc_server.cpp:177)
2025-10-25 20:26:32,218 [INFO] [LEADER] Server set to listen on 0.0.0.0:50051 (grpc_server.cpp:178)
2025-10-25 20:26:33,104 [INFO] [LEADER] Waiting for connection...
2025-10-25 20:26:33,107 [INFO] [LEADER] ✅ Flight controller connected successfully.
2025-10-25 20:26:33,107 [INFO] [LEADER] Starting background tasks to gather telemetry...
2025-10-25 20:26:33,108 [INFO] [LEADER] Waiting for a valid GPS position fix before broadcasting...
2025-10-25 20:26:33,108 [INFO] [LEADER] Still waiting for GPS fix...
2025-10-25 20:26:34,109 [INFO] [LEADER] 🛰️ GPS fix acquired! Latitude: 47.397976199999995
2025-10-25 20:26:34,110 [INFO] [LEADER] --- Starting Main Broadcast Loop ---
2025-10-25 20:26:34,110 [INFO] [LEADER] 📡 Broadcasting vitals to Wi-Fi address 192.168.1.111:5005
2025-10-25 20:28:57,064 [INFO] [LEADER] heartbeats timed out (system_impl.cpp:370)
2025-10-25 20:32:10,411 [INFO] [LEADER] --- Leader Drone Initializing ---
2025-10-25 20:32:10,412 [INFO] [LEADER] Attempting to connect to flight controller at udp://:14540...
2025-10-25 20:32:10,443 [INFO] [LEADER] Waiting for connection...
2025-10-25 20:32:10,443 [INFO] [LEADER] MAVSDK version: v3.10.2 (mavsdk_impl.cpp:32)
2025-10-25 20:32:10,445 [INFO] [LEADER] ✅ Flight controller connected successfully.
2025-10-25 20:32:10,445 [INFO] [LEADER] Starting background tasks to gather telemetry...
2025-10-25 20:32:10,445 [INFO] [LEADER] Waiting for a valid GPS position fix before broadcasting...
2025-10-25 20:32:10,445 [INFO] [LEADER] Still waiting for GPS fix...
2025-10-25 20:32:10,460 [INFO] [LEADER] Waiting to discover system on udp://:14540... (connection_initiator.h:20)
2025-10-25 20:32:10,460 [WARNING] [LEADER] Connection using udp:// is deprecated, please use udpin:// or udpout:// (cli_arg.cpp:28)
2025-10-25 20:32:10,460 [ERROR] [LEADER] bind error: Address in use (udp_connection.cpp:99)
2025-10-25 20:32:10,460 [ERROR] [LEADER] Connection failed: Bind error (connection_initiator.h:47)
2025-10-25 20:32:11,446 [INFO] [LEADER] 🛰️ GPS fix acquired! Latitude: 47.3979712
2025-10-25 20:32:11,446 [INFO] [LEADER] --- Starting Main Broadcast Loop ---
2025-10-25 20:32:11,446 [INFO] [LEADER] 📡 Broadcasting vitals to Wi-Fi address 192.168.1.111:5005
2025-10-25 20:33:45,153 [ERROR] [LEADER] Task exception was never retrieved
future: <Task finished name='Task-6' coro=<Leader._update_gps_info() done, defined at /home/mh/Shahin/drone_swarm/leader_follower/leader.py:90> exception=<AioRpcError of RPC that terminated with:
	status = StatusCode.UNAVAILABLE
	details = "Socket closed"
	debug_error_string = "UNKNOWN:Error received from peer ipv6:%5B::1%5D:50051 {grpc_message:"Socket closed", grpc_status:14}"
>>
Traceback (most recent call last):
  File "/home/mh/Shahin/drone_swarm/leader_follower/leader.py", line 92, in _update_gps_info
    async for gps_info in self.drone.telemetry.gps_info():
  File "/home/mh/.local/lib/python3.10/site-packages/mavsdk/telemetry.py", line 3481, in gps_info
    async for response in gps_info_stream:
  File "/home/mh/.local/lib/python3.10/site-packages/grpc/aio/_call.py", line 368, in _fetch_stream_responses
    await self._raise_for_status()
  File "/home/mh/.local/lib/python3.10/site-packages/grpc/aio/_call.py", line 274, in _raise_for_status
    raise _create_rpc_error(
grpc.aio._call.AioRpcError: <AioRpcError of RPC that terminated with:
	status = StatusCode.UNAVAILABLE
	details = "Socket closed"
	debug_error_string = "UNKNOWN:Error received from peer ipv6:%5B::1%5D:50051 {grpc_message:"Socket closed", grpc_status:14}"
>
2025-10-25 20:33:45,164 [ERROR] [LEADER] Task exception was never retrieved
future: <Task finished name='Task-4' coro=<Leader._update_position() done, defined at /home/mh/Shahin/drone_swarm/leader_follower/leader.py:76> exception=<AioRpcError of RPC that terminated with:
	status = StatusCode.UNAVAILABLE
	details = "Socket closed"
	debug_error_string = "UNKNOWN:Error received from peer ipv6:%5B::1%5D:50051 {grpc_status:14, grpc_message:"Socket closed"}"
>>
Traceback (most recent call last):
  File "/home/mh/Shahin/drone_swarm/leader_follower/leader.py", line 78, in _update_position
    async for position in self.drone.telemetry.position():
  File "/home/mh/.local/lib/python3.10/site-packages/mavsdk/telemetry.py", line 3267, in position
    async for response in position_stream:
  File "/home/mh/.local/lib/python3.10/site-packages/grpc/aio/_call.py", line 368, in _fetch_stream_responses
    await self._raise_for_status()
  File "/home/mh/.local/lib/python3.10/site-packages/grpc/aio/_call.py", line 274, in _raise_for_status
    raise _create_rpc_error(
grpc.aio._call.AioRpcError: <AioRpcError of RPC that terminated with:
	status = StatusCode.UNAVAILABLE
	details = "Socket closed"
	debug_error_string = "UNKNOWN:Error received from peer ipv6:%5B::1%5D:50051 {grpc_status:14, grpc_message:"Socket closed"}"
>
2025-10-25 20:33:45,165 [ERROR] [LEADER] Task exception was never retrieved
future: <Task finished name='Task-5' coro=<Leader._update_in_air_status() done, defined at /home/mh/Shahin/drone_swarm/leader_follower/leader.py:85> exception=<AioRpcError of RPC that terminated with:
	status = StatusCode.UNAVAILABLE
	details = "Socket closed"
	debug_error_string = "UNKNOWN:Error received from peer ipv6:%5B::1%5D:50051 {grpc_status:14, grpc_message:"Socket closed"}"
>>
Traceback (most recent call last):
  File "/home/mh/Shahin/drone_swarm/leader_follower/leader.py", line 87, in _update_in_air_status
    async for is_in_air in self.drone.telemetry.in_air():
  File "/home/mh/.local/lib/python3.10/site-packages/mavsdk/telemetry.py", line 3309, in in_air
    async for response in in_air_stream:
  File "/home/mh/.local/lib/python3.10/site-packages/grpc/aio/_call.py", line 368, in _fetch_stream_responses
    await self._raise_for_status()
  File "/home/mh/.local/lib/python3.10/site-packages/grpc/aio/_call.py", line 274, in _raise_for_status
    raise _create_rpc_error(
grpc.aio._call.AioRpcError: <AioRpcError of RPC that terminated with:
	status = StatusCode.UNAVAILABLE
	details = "Socket closed"
	debug_error_string = "UNKNOWN:Error received from peer ipv6:%5B::1%5D:50051 {grpc_status:14, grpc_message:"Socket closed"}"
>
2025-10-25 20:40:48,164 [ERROR] [LEADER] NETWORK ERROR: Could not send data over Wi-Fi: [Errno 101] Network is unreachable
2025-10-25 20:40:48,218 [ERROR] [LEADER] NETWORK ERROR: Could not send data over Wi-Fi: [Errno 101] Network is unreachable
2025-10-25 20:40:48,269 [ERROR] [LEADER] NETWORK ERROR: Could not send data over Wi-Fi: [Errno 101] Network is unreachable
2025-10-25 20:40:48,320 [ERROR] [LEADER] NETWORK ERROR: Could not send data over Wi-Fi: [Errno 101] Network is unreachable
2025-10-25 20:40:48,371 [ERROR] [LEADER] NETWORK ERROR: Could not send data over Wi-Fi: [Errno 101] Network is unreachable
2025-10-25 20:40:48,422 [ERROR] [LEADER] NETWORK ERROR: Could not send data over Wi-Fi: [Errno 101] Network is unreachable
2025-10-25 20:40:48,473 [ERROR] [LEADER] NETWORK ERROR: Could not send data over Wi-Fi: [Errno 101] Network is unreachable
2025-10-25 20:40:48,525 [ERROR] [LEADER] NETWORK ERROR: Could not send data over Wi-Fi: [Errno 101] Network is unreachable
2025-10-25 20:40:48,576 [ERROR] [LEADER] NETWORK ERROR: Could not send data over Wi-Fi: [Errno 101] Network is unreachable
2025-10-25 20:40:48,627 [ERROR] [LEADER] NETWORK ERROR: Could not send data over Wi-Fi: [Errno 101] Network is unreachable
2025-10-25 20:40:48,680 [ERROR] [LEADER] NETWORK ERROR: Could not send data over Wi-Fi: [Errno 101] Network is unreachable
2025-10-25 20:40:48,730 [ERROR] [LEADER] NETWORK ERROR: Could not send data over Wi-Fi: [Errno 101] Network is unreachable
2025-10-25 20:40:48,781 [ERROR] [LEADER] NETWORK ERROR: Could not send data over Wi-Fi: [Errno 101] Network is unreachable
2025-10-25 20:43:57,070 [ERROR] [LEADER] NETWORK ERROR: Could not send data over Wi-Fi: [Errno 101] Network is unreachable
2025-10-25 20:43:57,121 [ERROR] [LEADER] NETWORK ERROR: Could not send data over Wi-Fi: [Errno 101] Network is unreachable
2025-10-25 20:43:57,172 [ERROR] [LEADER] NETWORK ERROR: Could not send data over Wi-Fi: [Errno 101] Network is unreachable
2025-10-25 20:43:57,223 [ERROR] [LEADER] NETWORK ERROR: Could not send data over Wi-Fi: [Errno 101] Network is unreachable
2025-10-25 20:43:57,274 [ERROR] [LEADER] NETWORK ERROR: Could not send data over Wi-Fi: [Errno 101] Network is unreachable
2025-10-25 20:43:57,325 [ERROR] [LEADER] NETWORK ERROR: Could not send data over Wi-Fi: [Errno 101] Network is unreachable
2025-10-25 20:43:57,375 [ERROR] [LEADER] NETWORK ERROR: Could not send data over Wi-Fi: [Errno 101] Network is unreachable
2025-10-25 20:43:57,425 [ERROR] [LEADER] NETWORK ERROR: Could not send data over Wi-Fi: [Errno 101] Network is unreachable
2025-10-25 20:43:57,476 [ERROR] [LEADER] NETWORK ERROR: Could not send data over Wi-Fi: [Errno 101] Network is unreachable
2025-10-25 20:43:57,526 [ERROR] [LEADER] NETWORK ERROR: Could not send data over Wi-Fi: [Errno 101] Network is unreachable
2025-10-25 20:43:57,577 [ERROR] [LEADER] NETWORK ERROR: Could not send data over Wi-Fi: [Errno 101] Network is unreachable
2025-10-25 20:43:57,628 [ERROR] [LEADER] NETWORK ERROR: Could not send data over Wi-Fi: [Errno 101] Network is unreachable
2025-10-25 20:43:57,678 [ERROR] [LEADER] NETWORK ERROR: Could not send data over Wi-Fi: [Errno 101] Network is unreachable
2025-10-25 20:43:57,729 [ERROR] [LEADER] NETWORK ERROR: Could not send data over Wi-Fi: [Errno 101] Network is unreachable
2025-10-25 20:43:57,779 [ERROR] [LEADER] NETWORK ERROR: Could not send data over Wi-Fi: [Errno 101] Network is unreachable
2025-10-25 20:43:57,830 [ERROR] [LEADER] NETWORK ERROR: Could not send data over Wi-Fi: [Errno 101] Network is unreachable
2025-10-25 20:43:57,881 [ERROR] [LEADER] NETWORK ERROR: Could not send data over Wi-Fi: [Errno 101] Network is unreachable
2025-10-25 20:43:57,931 [ERROR] [LEADER] NETWORK ERROR: Could not send data over Wi-Fi: [Errno 101] Network is unreachable
2025-10-25 20:43:57,982 [ERROR] [LEADER] NETWORK ERROR: Could not send data over Wi-Fi: [Errno 101] Network is unreachable
2025-10-25 20:43:58,033 [ERROR] [LEADER] NETWORK ERROR: Could not send data over Wi-Fi: [Errno 101] Network is unreachable
2025-10-25 20:43:58,083 [ERROR] [LEADER] NETWORK ERROR: Could not send data over Wi-Fi: [Errno 101] Network is unreachable
2025-10-25 20:43:58,135 [ERROR] [LEADER] NETWORK ERROR: Could not send data over Wi-Fi: [Errno 101] Network is unreachable
2025-10-25 20:43:58,186 [ERROR] [LEADER] NETWORK ERROR: Could not send data over Wi-Fi: [Errno 101] Network is unreachable
2025-10-25 20:43:58,237 [ERROR] [LEADER] NETWORK ERROR: Could not send data over Wi-Fi: [Errno 101] Network is unreachable
2025-10-25 20:43:58,288 [ERROR] [LEADER] NETWORK ERROR: Could not send data over Wi-Fi: [Errno 101] Network is unreachable
2025-10-25 20:43:58,338 [ERROR] [LEADER] NETWORK ERROR: Could not send data over Wi-Fi: [Errno 101] Network is unreachable
2025-10-25 20:43:58,389 [ERROR] [LEADER] NETWORK ERROR: Could not send data over Wi-Fi: [Errno 101] Network is unreachable
2025-10-25 20:43:58,439 [ERROR] [LEADER] NETWORK ERROR: Could not send data over Wi-Fi: [Errno 101] Network is unreachable
2025-10-25 20:43:58,490 [ERROR] [LEADER] NETWORK ERROR: Could not send data over Wi-Fi: [Errno 101] Network is unreachable
2025-10-25 20:43:58,540 [ERROR] [LEADER] NETWORK ERROR: Could not send data over Wi-Fi: [Errno 101] Network is unreachable
2025-10-25 20:43:58,591 [ERROR] [LEADER] NETWORK ERROR: Could not send data over Wi-Fi: [Errno 101] Network is unreachable
2025-10-25 20:43:58,642 [ERROR] [LEADER] NETWORK ERROR: Could not send data over Wi-Fi: [Errno 101] Network is unreachable
2025-10-25 20:43:58,693 [ERROR] [LEADER] NETWORK ERROR: Could not send data over Wi-Fi: [Errno 101] Network is unreachable
2025-10-25 20:43:58,744 [ERROR] [LEADER] NETWORK ERROR: Could not send data over Wi-Fi: [Errno 101] Network is unreachable
2025-10-25 20:43:58,794 [ERROR] [LEADER] NETWORK ERROR: Could not send data over Wi-Fi: [Errno 101] Network is unreachable
2025-10-25 20:43:58,845 [ERROR] [LEADER] NETWORK ERROR: Could not send data over Wi-Fi: [Errno 101] Network is unreachable
2025-10-25 20:43:58,896 [ERROR] [LEADER] NETWORK ERROR: Could not send data over Wi-Fi: [Errno 101] Network is unreachable
2025-10-25 20:43:58,947 [ERROR] [LEADER] NETWORK ERROR: Could not send data over Wi-Fi: [Errno 101] Network is unreachable
2025-10-25 20:43:58,998 [ERROR] [LEADER] NETWORK ERROR: Could not send data over Wi-Fi: [Errno 101] Network is unreachable
2025-10-25 20:43:59,048 [ERROR] [LEADER] NETWORK ERROR: Could not send data over Wi-Fi: [Errno 101] Network is unreachable
2025-10-25 20:43:59,099 [ERROR] [LEADER] NETWORK ERROR: Could not send data over Wi-Fi: [Errno 101] Network is unreachable
2025-10-25 20:43:59,149 [ERROR] [LEADER] NETWORK ERROR: Could not send data over Wi-Fi: [Errno 101] Network is unreachable
2025-10-25 20:43:59,200 [ERROR] [LEADER] NETWORK ERROR: Could not send data over Wi-Fi: [Errno 101] Network is unreachable
2025-10-25 20:43:59,251 [ERROR] [LEADER] NETWORK ERROR: Could not send data over Wi-Fi: [Errno 101] Network is unreachable
2025-10-25 20:43:59,301 [ERROR] [LEADER] NETWORK ERROR: Could not send data over Wi-Fi: [Errno 101] Network is unreachable
2025-10-25 20:43:59,352 [ERROR] [LEADER] NETWORK ERROR: Could not send data over Wi-Fi: [Errno 101] Network is unreachable
2025-10-25 20:43:59,403 [ERROR] [LEADER] NETWORK ERROR: Could not send data over Wi-Fi: [Errno 101] Network is unreachable
2025-10-25 20:43:59,455 [ERROR] [LEADER] NETWORK ERROR: Could not send data over Wi-Fi: [Errno 101] Network is unreachable
2025-10-25 20:43:59,506 [ERROR] [LEADER] NETWORK ERROR: Could not send data over Wi-Fi: [Errno 101] Network is unreachable
2025-10-25 20:43:59,557 [ERROR] [LEADER] NETWORK ERROR: Could not send data over Wi-Fi: [Errno 101] Network is unreachable
2025-10-25 20:43:59,607 [ERROR] [LEADER] NETWORK ERROR: Could not send data over Wi-Fi: [Errno 101] Network is unreachable
2025-10-25 20:43:59,658 [ERROR] [LEADER] NETWORK ERROR: Could not send data over Wi-Fi: [Errno 101] Network is unreachable
2025-10-25 20:43:59,709 [ERROR] [LEADER] NETWORK ERROR: Could not send data over Wi-Fi: [Errno 101] Network is unreachable
2025-10-25 20:43:59,760 [ERROR] [LEADER] NETWORK ERROR: Could not send data over Wi-Fi: [Errno 101] Network is unreachable
2025-10-25 20:43:59,811 [ERROR] [LEADER] NETWORK ERROR: Could not send data over Wi-Fi: [Errno 101] Network is unreachable
2025-10-25 20:43:59,862 [ERROR] [LEADER] NETWORK ERROR: Could not send data over Wi-Fi: [Errno 101] Network is unreachable
2025-10-25 20:43:59,913 [ERROR] [LEADER] NETWORK ERROR: Could not send data over Wi-Fi: [Errno 101] Network is unreachable
2025-10-25 20:43:59,964 [ERROR] [LEADER] NETWORK ERROR: Could not send data over Wi-Fi: [Errno 101] Network is unreachable
2025-10-25 20:44:00,015 [ERROR] [LEADER] NETWORK ERROR: Could not send data over Wi-Fi: [Errno 101] Network is unreachable
2025-10-25 20:44:00,066 [ERROR] [LEADER] NETWORK ERROR: Could not send data over Wi-Fi: [Errno 101] Network is unreachable
2025-10-25 20:44:00,117 [ERROR] [LEADER] NETWORK ERROR: Could not send data over Wi-Fi: [Errno 101] Network is unreachable
2025-10-25 20:44:00,168 [ERROR] [LEADER] NETWORK ERROR: Could not send data over Wi-Fi: [Errno 101] Network is unreachable
2025-10-25 20:44:00,220 [ERROR] [LEADER] NETWORK ERROR: Could not send data over Wi-Fi: [Errno 101] Network is unreachable
2025-10-25 20:44:00,271 [ERROR] [LEADER] NETWORK ERROR: Could not send data over Wi-Fi: [Errno 101] Network is unreachable
2025-10-25 20:44:00,322 [ERROR] [LEADER] NETWORK ERROR: Could not send data over Wi-Fi: [Errno 101] Network is unreachable
2025-10-25 20:44:00,373 [ERROR] [LEADER] NETWORK ERROR: Could not send data over Wi-Fi: [Errno 101] Network is unreachable
2025-10-25 20:44:00,424 [ERROR] [LEADER] NETWORK ERROR: Could not send data over Wi-Fi: [Errno 101] Network is unreachable
2025-10-25 20:44:00,476 [ERROR] [LEADER] NETWORK ERROR: Could not send data over Wi-Fi: [Errno 101] Network is unreachable
2025-10-25 20:44:00,527 [ERROR] [LEADER] NETWORK ERROR: Could not send data over Wi-Fi: [Errno 101] Network is unreachable
2025-10-25 20:44:00,578 [ERROR] [LEADER] NETWORK ERROR: Could not send data over Wi-Fi: [Errno 101] Network is unreachable
2025-10-25 20:44:00,629 [ERROR] [LEADER] NETWORK ERROR: Could not send data over Wi-Fi: [Errno 101] Network is unreachable
2025-10-25 20:44:00,680 [ERROR] [LEADER] NETWORK ERROR: Could not send data over Wi-Fi: [Errno 101] Network is unreachable
2025-10-25 20:44:00,730 [ERROR] [LEADER] NETWORK ERROR: Could not send data over Wi-Fi: [Errno 101] Network is unreachable
2025-10-25 20:44:00,781 [ERROR] [LEADER] NETWORK ERROR: Could not send data over Wi-Fi: [Errno 101] Network is unreachable
2025-10-25 20:44:00,831 [ERROR] [LEADER] NETWORK ERROR: Could not send data over Wi-Fi: [Errno 101] Network is unreachable
2025-10-25 20:44:00,882 [ERROR] [LEADER] NETWORK ERROR: Could not send data over Wi-Fi: [Errno 101] Network is unreachable
2025-10-25 20:44:00,933 [ERROR] [LEADER] NETWORK ERROR: Could not send data over Wi-Fi: [Errno 101] Network is unreachable
2025-10-25 20:44:00,985 [ERROR] [LEADER] NETWORK ERROR: Could not send data over Wi-Fi: [Errno 101] Network is unreachable
2025-10-25 20:44:01,037 [ERROR] [LEADER] NETWORK ERROR: Could not send data over Wi-Fi: [Errno 101] Network is unreachable
2025-10-25 20:44:01,088 [ERROR] [LEADER] NETWORK ERROR: Could not send data over Wi-Fi: [Errno 101] Network is unreachable
2025-10-25 20:44:01,139 [ERROR] [LEADER] NETWORK ERROR: Could not send data over Wi-Fi: [Errno 101] Network is unreachable
2025-10-25 20:44:01,190 [ERROR] [LEADER] NETWORK ERROR: Could not send data over Wi-Fi: [Errno 101] Network is unreachable
2025-10-25 20:44:01,241 [ERROR] [LEADER] NETWORK ERROR: Could not send data over Wi-Fi: [Errno 101] Network is unreachable
2025-10-25 20:44:01,291 [ERROR] [LEADER] NETWORK ERROR: Could not send data over Wi-Fi: [Errno 101] Network is unreachable
2025-10-25 20:44:01,342 [ERROR] [LEADER] NETWORK ERROR: Could not send data over Wi-Fi: [Errno 101] Network is unreachable
2025-10-25 20:44:01,393 [ERROR] [LEADER] NETWORK ERROR: Could not send data over Wi-Fi: [Errno 101] Network is unreachable
2025-10-25 20:44:01,443 [ERROR] [LEADER] NETWORK ERROR: Could not send data over Wi-Fi: [Errno 101] Network is unreachable
2025-10-25 20:44:01,494 [ERROR] [LEADER] NETWORK ERROR: Could not send data over Wi-Fi: [Errno 101] Network is unreachable
2025-10-25 20:44:01,545 [ERROR] [LEADER] NETWORK ERROR: Could not send data over Wi-Fi: [Errno 101] Network is unreachable
2025-10-25 20:44:01,595 [ERROR] [LEADER] NETWORK ERROR: Could not send data over Wi-Fi: [Errno 101] Network is unreachable
2025-10-25 20:44:01,646 [ERROR] [LEADER] NETWORK ERROR: Could not send data over Wi-Fi: [Errno 101] Network is unreachable
2025-10-25 20:44:01,696 [ERROR] [LEADER] NETWORK ERROR: Could not send data over Wi-Fi: [Errno 101] Network is unreachable
2025-10-25 20:44:01,747 [ERROR] [LEADER] NETWORK ERROR: Could not send data over Wi-Fi: [Errno 101] Network is unreachable
2025-10-25 20:44:01,798 [ERROR] [LEADER] NETWORK ERROR: Could not send data over Wi-Fi: [Errno 101] Network is unreachable
2025-10-25 20:44:01,849 [ERROR] [LEADER] NETWORK ERROR: Could not send data over Wi-Fi: [Errno 101] Network is unreachable
2025-10-25 20:44:01,900 [ERROR] [LEADER] NETWORK ERROR: Could not send data over Wi-Fi: [Errno 101] Network is unreachable
2025-10-25 20:44:01,950 [ERROR] [LEADER] NETWORK ERROR: Could not send data over Wi-Fi: [Errno 101] Network is unreachable
2025-10-25 20:44:02,001 [ERROR] [LEADER] NETWORK ERROR: Could not send data over Wi-Fi: [Errno 101] Network is unreachable
2025-10-25 20:44:02,051 [ERROR] [LEADER] NETWORK ERROR: Could not send data over Wi-Fi: [Errno 101] Network is unreachable
2025-10-25 20:44:02,102 [ERROR] [LEADER] NETWORK ERROR: Could not send data over Wi-Fi: [Errno 101] Network is unreachable
2025-10-25 20:44:02,152 [ERROR] [LEADER] NETWORK ERROR: Could not send data over Wi-Fi: [Errno 101] Network is unreachable
2025-10-25 20:44:02,203 [ERROR] [LEADER] NETWORK ERROR: Could not send data over Wi-Fi: [Errno 101] Network is unreachable
2025-10-25 20:48:08,518 [ERROR] [LEADER] NETWORK ERROR: Could not send data over Wi-Fi: [Errno 101] Network is unreachable
2025-10-25 20:48:08,571 [ERROR] [LEADER] NETWORK ERROR: Could not send data over Wi-Fi: [Errno 101] Network is unreachable
2025-10-25 20:48:08,622 [ERROR] [LEADER] NETWORK ERROR: Could not send data over Wi-Fi: [Errno 101] Network is unreachable
2025-10-25 20:48:08,673 [ERROR] [LEADER] NETWORK ERROR: Could not send data over Wi-Fi: [Errno 101] Network is unreachable
2025-10-25 20:48:08,724 [ERROR] [LEADER] NETWORK ERROR: Could not send data over Wi-Fi: [Errno 101] Network is unreachable
2025-10-25 20:48:08,775 [ERROR] [LEADER] NETWORK ERROR: Could not send data over Wi-Fi: [Errno 101] Network is unreachable
2025-10-25 20:48:08,826 [ERROR] [LEADER] NETWORK ERROR: Could not send data over Wi-Fi: [Errno 101] Network is unreachable
2025-10-25 20:48:08,877 [ERROR] [LEADER] NETWORK ERROR: Could not send data over Wi-Fi: [Errno 101] Network is unreachable
2025-10-25 20:48:08,928 [ERROR] [LEADER] NETWORK ERROR: Could not send data over Wi-Fi: [Errno 101] Network is unreachable
2025-10-25 20:48:08,979 [ERROR] [LEADER] NETWORK ERROR: Could not send data over Wi-Fi: [Errno 101] Network is unreachable
2025-10-25 20:48:09,030 [ERROR] [LEADER] NETWORK ERROR: Could not send data over Wi-Fi: [Errno 101] Network is unreachable
2025-10-25 20:48:09,081 [ERROR] [LEADER] NETWORK ERROR: Could not send data over Wi-Fi: [Errno 101] Network is unreachable
2025-10-25 20:48:09,131 [ERROR] [LEADER] NETWORK ERROR: Could not send data over Wi-Fi: [Errno 101] Network is unreachable
2025-10-25 20:48:09,182 [ERROR] [LEADER] NETWORK ERROR: Could not send data over Wi-Fi: [Errno 101] Network is unreachable
2025-10-25 20:48:09,232 [ERROR] [LEADER] NETWORK ERROR: Could not send data over Wi-Fi: [Errno 101] Network is unreachable
2025-10-25 20:48:09,283 [ERROR] [LEADER] NETWORK ERROR: Could not send data over Wi-Fi: [Errno 101] Network is unreachable
2025-10-25 20:48:09,333 [ERROR] [LEADER] NETWORK ERROR: Could not send data over Wi-Fi: [Errno 101] Network is unreachable
2025-10-25 20:48:09,384 [ERROR] [LEADER] NETWORK ERROR: Could not send data over Wi-Fi: [Errno 101] Network is unreachable
2025-10-25 20:48:09,435 [ERROR] [LEADER] NETWORK ERROR: Could not send data over Wi-Fi: [Errno 101] Network is unreachable
2025-10-25 20:48:09,486 [ERROR] [LEADER] NETWORK ERROR: Could not send data over Wi-Fi: [Errno 101] Network is unreachable
2025-10-25 20:48:09,538 [ERROR] [LEADER] NETWORK ERROR: Could not send data over Wi-Fi: [Errno 101] Network is unreachable
2025-10-25 20:48:09,589 [ERROR] [LEADER] NETWORK ERROR: Could not send data over Wi-Fi: [Errno 101] Network is unreachable
2025-10-25 20:48:09,640 [ERROR] [LEADER] NETWORK ERROR: Could not send data over Wi-Fi: [Errno 101] Network is unreachable
2025-10-25 20:48:09,691 [ERROR] [LEADER] NETWORK ERROR: Could not send data over Wi-Fi: [Errno 101] Network is unreachable
2025-10-25 20:48:09,742 [ERROR] [LEADER] NETWORK ERROR: Could not send data over Wi-Fi: [Errno 101] Network is unreachable
2025-10-25 20:48:09,793 [ERROR] [LEADER] NETWORK ERROR: Could not send data over Wi-Fi: [Errno 101] Network is unreachable
2025-10-25 20:48:09,843 [ERROR] [LEADER] NETWORK ERROR: Could not send data over Wi-Fi: [Errno 101] Network is unreachable
2025-10-25 20:48:09,894 [ERROR] [LEADER] NETWORK ERROR: Could not send data over Wi-Fi: [Errno 101] Network is unreachable
2025-10-25 20:48:09,945 [ERROR] [LEADER] NETWORK ERROR: Could not send data over Wi-Fi: [Errno 101] Network is unreachable
2025-10-25 20:48:09,996 [ERROR] [LEADER] NETWORK ERROR: Could not send data over Wi-Fi: [Errno 101] Network is unreachable
2025-10-25 20:48:10,047 [ERROR] [LEADER] NETWORK ERROR: Could not send data over Wi-Fi: [Errno 101] Network is unreachable
2025-10-25 20:48:10,098 [ERROR] [LEADER] NETWORK ERROR: Could not send data over Wi-Fi: [Errno 101] Network is unreachable
2025-10-25 20:48:10,149 [ERROR] [LEADER] NETWORK ERROR: Could not send data over Wi-Fi: [Errno 101] Network is unreachable
2025-10-25 20:48:10,200 [ERROR] [LEADER] NETWORK ERROR: Could not send data over Wi-Fi: [Errno 101] Network is unreachable
2025-10-25 20:48:10,250 [ERROR] [LEADER] NETWORK ERROR: Could not send data over Wi-Fi: [Errno 101] Network is unreachable
2025-10-25 20:48:10,301 [ERROR] [LEADER] NETWORK ERROR: Could not send data over Wi-Fi: [Errno 101] Network is unreachable
2025-10-25 20:48:10,352 [ERROR] [LEADER] NETWORK ERROR: Could not send data over Wi-Fi: [Errno 101] Network is unreachable
2025-10-25 20:48:10,403 [ERROR] [LEADER] NETWORK ERROR: Could not send data over Wi-Fi: [Errno 101] Network is unreachable
2025-10-25 20:48:10,454 [ERROR] [LEADER] NETWORK ERROR: Could not send data over Wi-Fi: [Errno 101] Network is unreachable
2025-10-25 20:48:10,504 [ERROR] [LEADER] NETWORK ERROR: Could not send data over Wi-Fi: [Errno 101] Network is unreachable
2025-10-25 20:48:10,555 [ERROR] [LEADER] NETWORK ERROR: Could not send data over Wi-Fi: [Errno 101] Network is unreachable
2025-10-25 20:48:10,606 [ERROR] [LEADER] NETWORK ERROR: Could not send data over Wi-Fi: [Errno 101] Network is unreachable
2025-10-25 20:48:10,656 [ERROR] [LEADER] NETWORK ERROR: Could not send data over Wi-Fi: [Errno 101] Network is unreachable
2025-10-25 20:48:10,707 [ERROR] [LEADER] NETWORK ERROR: Could not send data over Wi-Fi: [Errno 101] Network is unreachable
2025-10-25 20:48:10,757 [ERROR] [LEADER] NETWORK ERROR: Could not send data over Wi-Fi: [Errno 101] Network is unreachable
2025-10-25 20:48:10,808 [ERROR] [LEADER] NETWORK ERROR: Could not send data over Wi-Fi: [Errno 101] Network is unreachable
2025-10-25 20:48:10,858 [ERROR] [LEADER] NETWORK ERROR: Could not send data over Wi-Fi: [Errno 101] Network is unreachable
2025-10-25 20:48:10,909 [ERROR] [LEADER] NETWORK ERROR: Could not send data over Wi-Fi: [Errno 101] Network is unreachable
2025-10-25 20:48:10,960 [ERROR] [LEADER] NETWORK ERROR: Could not send data over Wi-Fi: [Errno 101] Network is unreachable
2025-10-25 20:48:11,011 [ERROR] [LEADER] NETWORK ERROR: Could not send data over Wi-Fi: [Errno 101] Network is unreachable
2025-10-25 20:48:11,062 [ERROR] [LEADER] NETWORK ERROR: Could not send data over Wi-Fi: [Errno 101] Network is unreachable
2025-10-25 20:48:11,113 [ERROR] [LEADER] NETWORK ERROR: Could not send data over Wi-Fi: [Errno 101] Network is unreachable
2025-10-25 20:48:11,164 [ERROR] [LEADER] NETWORK ERROR: Could not send data over Wi-Fi: [Errno 101] Network is unreachable
2025-10-25 20:48:11,215 [ERROR] [LEADER] NETWORK ERROR: Could not send data over Wi-Fi: [Errno 101] Network is unreachable
2025-10-25 20:48:11,266 [ERROR] [LEADER] NETWORK ERROR: Could not send data over Wi-Fi: [Errno 101] Network is unreachable
2025-10-25 20:48:11,316 [ERROR] [LEADER] NETWORK ERROR: Could not send data over Wi-Fi: [Errno 101] Network is unreachable
2025-10-25 20:48:11,367 [ERROR] [LEADER] NETWORK ERROR: Could not send data over Wi-Fi: [Errno 101] Network is unreachable
2025-10-25 20:48:11,418 [ERROR] [LEADER] NETWORK ERROR: Could not send data over Wi-Fi: [Errno 101] Network is unreachable
2025-10-25 20:48:11,470 [ERROR] [LEADER] NETWORK ERROR: Could not send data over Wi-Fi: [Errno 101] Network is unreachable
2025-10-25 20:48:11,521 [ERROR] [LEADER] NETWORK ERROR: Could not send data over Wi-Fi: [Errno 101] Network is unreachable
2025-10-25 20:48:11,572 [ERROR] [LEADER] NETWORK ERROR: Could not send data over Wi-Fi: [Errno 101] Network is unreachable
2025-10-25 20:48:11,624 [ERROR] [LEADER] NETWORK ERROR: Could not send data over Wi-Fi: [Errno 101] Network is unreachable
2025-10-25 20:48:11,676 [ERROR] [LEADER] NETWORK ERROR: Could not send data over Wi-Fi: [Errno 101] Network is unreachable
2025-10-25 20:48:11,727 [ERROR] [LEADER] NETWORK ERROR: Could not send data over Wi-Fi: [Errno 101] Network is unreachable
2025-10-25 20:48:11,778 [ERROR] [LEADER] NETWORK ERROR: Could not send data over Wi-Fi: [Errno 101] Network is unreachable
2025-10-25 20:48:11,830 [ERROR] [LEADER] NETWORK ERROR: Could not send data over Wi-Fi: [Errno 101] Network is unreachable
2025-10-25 20:48:11,881 [ERROR] [LEADER] NETWORK ERROR: Could not send data over Wi-Fi: [Errno 101] Network is unreachable
2025-10-25 20:48:11,932 [ERROR] [LEADER] NETWORK ERROR: Could not send data over Wi-Fi: [Errno 101] Network is unreachable
